{"level":"INFO","ts":"2025-12-10T20:32:44.244+0800","caller":"init/dbInit.go:54","msg":"数据库连接初始化及测试成功"}
{"level":"INFO","ts":"2025-12-10T20:32:44.412+0800","caller":"init/dbInit.go:72","msg":"数据库表初始化成功"}
{"level":"PANIC","ts":"2025-12-10T20:32:44.493+0800","caller":"init/redisInit.go:46","msg":"Redis连接失败: dial tcp [::1]:6379: connectex: No connection could be made because the target machine actively refused it."}
{"level":"INFO","ts":"2025-12-10T20:34:48.916+0800","caller":"init/dbInit.go:54","msg":"数据库连接初始化及测试成功"}
{"level":"INFO","ts":"2025-12-10T20:34:48.947+0800","caller":"init/dbInit.go:72","msg":"数据库表初始化成功"}
{"level":"INFO","ts":"2025-12-10T20:34:48.948+0800","caller":"init/redisInit.go:48","msg":"Redis连接成功"}
{"level":"INFO","ts":"2025-12-10T20:45:22.001+0800","caller":"init/dbInit.go:54","msg":"数据库连接初始化及测试成功"}
{"level":"INFO","ts":"2025-12-10T20:45:22.044+0800","caller":"init/dbInit.go:72","msg":"数据库表初始化成功"}
{"level":"INFO","ts":"2025-12-10T20:45:22.046+0800","caller":"init/redisInit.go:48","msg":"Redis连接成功"}
{"level":"INFO","ts":"2025-12-10T20:46:32.927+0800","caller":"init/dbInit.go:54","msg":"数据库连接初始化及测试成功"}
{"level":"INFO","ts":"2025-12-10T20:46:32.963+0800","caller":"init/dbInit.go:72","msg":"数据库表初始化成功"}
{"level":"INFO","ts":"2025-12-10T20:46:32.965+0800","caller":"init/redisInit.go:48","msg":"Redis连接成功"}
{"level":"INFO","ts":"2025-12-10T20:52:55.365+0800","caller":"init/dbInit.go:54","msg":"数据库连接初始化及测试成功"}
{"level":"INFO","ts":"2025-12-10T20:52:55.399+0800","caller":"init/dbInit.go:72","msg":"数据库表初始化成功"}
{"level":"INFO","ts":"2025-12-10T20:52:55.402+0800","caller":"init/redisInit.go:48","msg":"Redis连接成功"}
{"level":"INFO","ts":"2025-12-10T20:53:45.122+0800","caller":"init/dbInit.go:54","msg":"数据库连接初始化及测试成功"}
{"level":"INFO","ts":"2025-12-10T20:53:45.154+0800","caller":"init/dbInit.go:72","msg":"数据库表初始化成功"}
{"level":"INFO","ts":"2025-12-10T20:53:45.156+0800","caller":"init/redisInit.go:48","msg":"Redis连接成功"}
{"level":"INFO","ts":"2025-12-10T20:55:46.958+0800","caller":"init/dbInit.go:54","msg":"数据库连接初始化及测试成功"}
{"level":"INFO","ts":"2025-12-10T20:55:46.998+0800","caller":"init/dbInit.go:72","msg":"数据库表初始化成功"}
{"level":"INFO","ts":"2025-12-10T20:55:47.002+0800","caller":"init/redisInit.go:48","msg":"Redis连接成功"}
{"level":"INFO","ts":"2025-12-10T20:59:18.198+0800","caller":"init/dbInit.go:54","msg":"数据库连接初始化及测试成功"}
{"level":"INFO","ts":"2025-12-10T20:59:18.231+0800","caller":"init/dbInit.go:72","msg":"数据库表初始化成功"}
{"level":"INFO","ts":"2025-12-10T20:59:18.232+0800","caller":"init/redisInit.go:48","msg":"Redis连接成功"}
{"level":"INFO","ts":"2025-12-10T21:01:35.132+0800","caller":"init/dbInit.go:54","msg":"数据库连接初始化及测试成功"}
{"level":"INFO","ts":"2025-12-10T21:01:35.178+0800","caller":"init/dbInit.go:72","msg":"数据库表初始化成功"}
{"level":"INFO","ts":"2025-12-10T21:01:35.180+0800","caller":"init/redisInit.go:48","msg":"Redis连接成功"}
{"level":"INFO","ts":"2025-12-10T21:12:34.209+0800","caller":"init/dbInit.go:54","msg":"数据库连接初始化及测试成功"}
{"level":"INFO","ts":"2025-12-10T21:12:34.246+0800","caller":"init/dbInit.go:72","msg":"数据库表初始化成功"}
{"level":"INFO","ts":"2025-12-10T21:12:34.248+0800","caller":"init/redisInit.go:48","msg":"Redis连接成功"}
{"level":"INFO","ts":"2025-12-10T21:14:28.152+0800","caller":"init/dbInit.go:54","msg":"数据库连接初始化及测试成功"}
{"level":"INFO","ts":"2025-12-10T21:14:28.183+0800","caller":"init/dbInit.go:72","msg":"数据库表初始化成功"}
{"level":"INFO","ts":"2025-12-10T21:14:28.185+0800","caller":"init/redisInit.go:48","msg":"Redis连接成功"}
{"level":"WARN","ts":"2025-12-10T21:20:26.197+0800","caller":"logic/loginLogic.go:198","msg":"验证码已过期或不存在: 1551681944@qq.com"}
{"level":"WARN","ts":"2025-12-10T21:23:46.380+0800","caller":"logic/loginLogic.go:198","msg":"验证码已过期或不存在: 1551681944@qq.com"}
{"level":"WARN","ts":"2025-12-10T21:24:13.081+0800","caller":"logic/loginLogic.go:198","msg":"验证码已过期或不存在: 1551681944@qq.com"}
{"level":"INFO","ts":"2025-12-10T21:25:41.815+0800","caller":"init/dbInit.go:54","msg":"数据库连接初始化及测试成功"}
{"level":"INFO","ts":"2025-12-10T21:25:41.868+0800","caller":"init/dbInit.go:72","msg":"数据库表初始化成功"}
{"level":"INFO","ts":"2025-12-10T21:25:41.872+0800","caller":"init/redisInit.go:48","msg":"Redis连接成功"}
{"level":"WARN","ts":"2025-12-10T21:25:58.520+0800","caller":"logic/loginLogic.go:198","msg":"验证码已过期或不存在: 1551681944@qq.com"}
{"level":"INFO","ts":"2025-12-10T21:26:46.321+0800","caller":"init/dbInit.go:54","msg":"数据库连接初始化及测试成功"}
{"level":"INFO","ts":"2025-12-10T21:26:46.353+0800","caller":"init/dbInit.go:72","msg":"数据库表初始化成功"}
{"level":"INFO","ts":"2025-12-10T21:26:46.354+0800","caller":"init/redisInit.go:48","msg":"Redis连接成功"}
{"level":"WARN","ts":"2025-12-10T21:26:49.584+0800","caller":"logic/loginLogic.go:199","msg":"验证码已过期或不存在: 1551681944@qq.com"}
{"level":"INFO","ts":"2025-12-10T21:31:43.035+0800","caller":"init/dbInit.go:54","msg":"数据库连接初始化及测试成功"}
{"level":"INFO","ts":"2025-12-10T21:31:43.079+0800","caller":"init/dbInit.go:72","msg":"数据库表初始化成功"}
{"level":"INFO","ts":"2025-12-10T21:31:43.083+0800","caller":"init/redisInit.go:48","msg":"Redis连接成功"}
{"level":"INFO","ts":"2025-12-10T21:32:14.395+0800","caller":"logic/loginLogic.go:210","msg":"尝试从Redis读取验证码，key: verify_code:1551681944@qq.com, email: 1551681944@qq.com, 输入的code: 047598"}
{"level":"WARN","ts":"2025-12-10T21:32:14.396+0800","caller":"logic/loginLogic.go:215","msg":"验证码已过期或不存在，key: verify_code:1551681944@qq.com, email: 1551681944@qq.com"}
{"level":"INFO","ts":"2025-12-10T21:33:02.935+0800","caller":"logic/loginLogic.go:57","msg":"验证码已存储到Redis，key: verify_code:1551681944@qq.com, code: 892608, email: 1551681944@qq.com"}
{"level":"INFO","ts":"2025-12-10T21:33:30.694+0800","caller":"logic/loginLogic.go:210","msg":"尝试从Redis读取验证码，key: verify_code:1551681944@qq.com, email: 1551681944@qq.com, 输入的code: 892608"}
{"level":"INFO","ts":"2025-12-10T21:33:30.694+0800","caller":"logic/loginLogic.go:223","msg":"从Redis读取到验证码，key: verify_code:1551681944@qq.com, storedCode: 892608, inputCode: 892608"}
{"level":"INFO","ts":"2025-12-10T21:33:30.694+0800","caller":"logic/loginLogic.go:228","msg":"验证码验证成功，已删除key: verify_code:1551681944@qq.com"}
{"level":"INFO","ts":"2025-12-11T08:17:09.892+0800","caller":"logic/loginLogic.go:57","msg":"验证码已存储到Redis，key: verify_code:1551681944@qq.com, code: 719189, email: 1551681944@qq.com"}
{"level":"INFO","ts":"2025-12-11T08:17:51.538+0800","caller":"logic/loginLogic.go:210","msg":"尝试从Redis读取验证码，key: verify_code:1551681944@qq.com, email: 1551681944@qq.com, 输入的code: 719189"}
{"level":"INFO","ts":"2025-12-11T08:17:51.539+0800","caller":"logic/loginLogic.go:223","msg":"从Redis读取到验证码，key: verify_code:1551681944@qq.com, storedCode: 719189, inputCode: 719189"}
{"level":"INFO","ts":"2025-12-11T08:17:51.539+0800","caller":"logic/loginLogic.go:228","msg":"验证码验证成功，已删除key: verify_code:1551681944@qq.com"}
{"level":"INFO","ts":"2025-12-11T08:17:56.986+0800","caller":"logic/loginLogic.go:210","msg":"尝试从Redis读取验证码，key: verify_code:1551681944@qq.com, email: 1551681944@qq.com, 输入的code: 719119"}
{"level":"WARN","ts":"2025-12-11T08:17:56.987+0800","caller":"logic/loginLogic.go:215","msg":"验证码已过期或不存在，key: verify_code:1551681944@qq.com, email: 1551681944@qq.com"}
{"level":"INFO","ts":"2025-12-11T08:18:02.982+0800","caller":"logic/loginLogic.go:210","msg":"尝试从Redis读取验证码，key: verify_code:1551681944@qq.com, email: 1551681944@qq.com, 输入的code: 719189"}
{"level":"WARN","ts":"2025-12-11T08:18:02.982+0800","caller":"logic/loginLogic.go:215","msg":"验证码已过期或不存在，key: verify_code:1551681944@qq.com, email: 1551681944@qq.com"}
